[12/15/11 14:16:58] lLacewing Server by LB - liblacewing 0.2.5 (Windows/x86)
[12/15/11 14:16:58] Ignoring component/DLL: Default.dll
[12/15/11 14:16:58] Hosting Relay Server on port 6122
[12/15/11 14:16:58] Hosting Flash Policy on port 843
[12/15/11 14:16:58] Hosting Webserver on port 80
[12/15/11 14:16:59] Closed by Close button
[12/15/11 14:17:54] lLacewing Server by LB - liblacewing 0.2.5 (Windows/x86)
[12/15/11 14:17:54] Ignoring component/DLL: Default.dll
[12/15/11 14:17:55] Hosting Relay Server on port 6122
[12/15/11 14:17:55] Hosting Flash Policy on port 843
[12/15/11 14:17:55] Hosting Webserver on port 80
[12/15/11 14:17:56] Closed by Close button
[12/15/11 14:19:16] lLacewing Server by LB - liblacewing 0.2.5 (Windows/x86)
[12/15/11 14:25:04] lLacewing Server by LB - liblacewing 0.2.5 (Windows/x86)
[12/15/11 14:25:14] lLacewing Server by LB - liblacewing 0.2.5 (Windows/x86)
[12/15/11 14:25:36] Loaded component: Defualt Component
[12/15/11 14:25:36] Hosting Relay Server on port 6122
[12/15/11 14:25:36] Hosting Flash Policy on port 843
[12/15/11 14:25:36] Hosting Webserver on port 80
[12/15/11 14:26:04] 127.0.0.1 connected to webserver interface
[12/15/11 14:26:07] 127.0.0.1 logged in
[12/15/11 14:31:22] lLacewing Server by LB - liblacewing 0.2.5 (Windows/x86)
[12/15/11 14:44:17] lLacewing Server by LB - liblacewing 0.2.5 (Windows/x86)
[12/31/11 14:24:28] lLacewing Server by LB - liblacewing 0.3.0 (Windows/x86)
[12/31/11 14:24:33] Error loading component: Default.dll
[12/31/11 14:24:33] Windows Error Number: 126
[12/31/11 14:24:33] Hosting Relay Server on port 6121
[12/31/11 14:24:33] Hosting Flash Policy on port 843
[12/31/11 14:24:33] Hosting Webserver on port 80
[12/31/11 14:24:40] Closed by Close button
